[    0.000000] Linux version 4.15.0-140-generic (buildd@lgw01-amd64-054) (gcc version 7.5.0 (Ubuntu 7.5.0-3ubuntu1~18.04)) #144-Ubuntu SMP Fri Mar 19 14:12:35 UTC 2021 (Ubuntu 4.15.0-140.144-generic 4.15.18)
[    0.000000] Command line: BOOT_IMAGE=/boot/vmlinuz-4.15.0-140-generic root=LABEL=cloudimg-rootfs ro console=tty1 console=ttyS0
[    0.000000] KERNEL supported cpus:
[    0.000000]   Intel GenuineIntel
[    0.000000]   AMD AuthenticAMD
[    0.000000]   Centaur CentaurHauls
[    0.000000] x86/fpu: x87 FPU will use FXSAVE
[    0.000000] e820: BIOS-provided physical RAM map:
[    0.000000] BIOS-e820: [mem 0x0000000000000000-0x000000000009fbff] usable
[    0.000000] BIOS-e820: [mem 0x000000000009fc00-0x000000000009ffff] reserved
[    0.000000] BIOS-e820: [mem 0x00000000000f0000-0x00000000000fffff] reserved
[    0.000000] BIOS-e820: [mem 0x0000000000100000-0x000000003ffeffff] usable
[    0.000000] BIOS-e820: [mem 0x000000003fff0000-0x000000003fffffff] ACPI data
[    0.000000] BIOS-e820: [mem 0x00000000fec00000-0x00000000fec00fff] reserved
[    0.000000] BIOS-e820: [mem 0x00000000fee00000-0x00000000fee00fff] reserved
[    0.000000] BIOS-e820: [mem 0x00000000fffc0000-0x00000000ffffffff] reserved
[    0.000000] NX (Execute Disable) protection: active
[    0.000000] SMBIOS 2.5 present.
[    0.000000] DMI: innotek GmbH VirtualBox/VirtualBox, BIOS VirtualBox 12/01/2006
[    0.000000] Hypervisor detected: KVM
[    0.000000] e820: last_pfn = 0x3fff0 max_arch_pfn = 0x400000000
[    0.000000] MTRR: Disabled
[    0.000000] x86/PAT: MTRRs disabled, skipping PAT initialization too.
[    0.000000] CPU MTRRs all blank - virtualized system.
[    0.000000] x86/PAT: Configuration [0-7]: WB  WT  UC- UC  WB  WT  UC- UC  
[    0.000000] found SMP MP-table at [mem 0x0009fff0-0x0009ffff]
[    0.000000] Scanning 1 areas for low memory corruption
[    0.000000] RAMDISK: [mem 0x35a63000-0x36d28fff]
[    0.000000] ACPI: Early table checksum verification disabled
[    0.000000] ACPI: RSDP 0x00000000000E0000 000024 (v02 VBOX  )
[    0.000000] ACPI: XSDT 0x000000003FFF0030 00003C (v01 VBOX   VBOXXSDT 00000001 ASL  00000061)
[    0.000000] ACPI: FACP 0x000000003FFF00F0 0000F4 (v04 VBOX   VBOXFACP 00000001 ASL  00000061)
[    0.000000] ACPI: DSDT 0x000000003FFF0470 002325 (v02 VBOX   VBOXBIOS 00000002 INTL 20100528)
[    0.000000] ACPI: FACS 0x000000003FFF0200 000040
[    0.000000] ACPI: FACS 0x000000003FFF0200 000040
[    0.000000] ACPI: APIC 0x000000003FFF0240 00005C (v02 VBOX   VBOXAPIC 00000001 ASL  00000061)
[    0.000000] ACPI: SSDT 0x000000003FFF02A0 0001CC (v01 VBOX   VBOXCPUT 00000002 INTL 20100528)
[    0.000000] No NUMA configuration found
[    0.000000] Faking a node at [mem 0x0000000000000000-0x000000003ffeffff]
[    0.000000] NODE_DATA(0) allocated [mem 0x3ffc5000-0x3ffeffff]
[    0.000000] kvm-clock: cpu 0, msr 0:3ff44001, primary cpu clock
[    0.000000] kvm-clock: Using msrs 4b564d01 and 4b564d00
[    0.000000] kvm-clock: using sched offset of 5957739006 cycles
[    0.000000] clocksource: kvm-clock: mask: 0xffffffffffffffff max_cycles: 0x1cd42e4dffb, max_idle_ns: 881590591483 ns
[    0.000000] Zone ranges:
[    0.000000]   DMA      [mem 0x0000000000001000-0x0000000000ffffff]
[    0.000000]   DMA32    [mem 0x0000000001000000-0x000000003ffeffff]
[    0.000000]   Normal   empty
[    0.000000]   Device   empty
[    0.000000] Movable zone start for each node
[    0.000000] Early memory node ranges
[    0.000000]   node   0: [mem 0x0000000000001000-0x000000000009efff]
[    0.000000]   node   0: [mem 0x0000000000100000-0x000000003ffeffff]
[    0.000000] Reserved but unavailable: 98 pages
[    0.000000] Initmem setup node 0 [mem 0x0000000000001000-0x000000003ffeffff]
[    0.000000] ACPI: PM-Timer IO Port: 0x4008
[    0.000000] IOAPIC[0]: apic_id 2, version 32, address 0xfec00000, GSI 0-23
[    0.000000] ACPI: INT_SRC_OVR (bus 0 bus_irq 0 global_irq 2 dfl dfl)
[    0.000000] ACPI: INT_SRC_OVR (bus 0 bus_irq 9 global_irq 9 low level)
[    0.000000] Using ACPI (MADT) for SMP configuration information
[    0.000000] smpboot: Allowing 2 CPUs, 0 hotplug CPUs
[    0.000000] PM: Registered nosave memory: [mem 0x00000000-0x00000fff]
[    0.000000] PM: Registered nosave memory: [mem 0x0009f000-0x0009ffff]
[    0.000000] PM: Registered nosave memory: [mem 0x000a0000-0x000effff]
[    0.000000] PM: Registered nosave memory: [mem 0x000f0000-0x000fffff]
[    0.000000] e820: [mem 0x40000000-0xfebfffff] available for PCI devices
[    0.000000] Booting paravirtualized kernel on KVM
[    0.000000] clocksource: refined-jiffies: mask: 0xffffffff max_cycles: 0xffffffff, max_idle_ns: 7645519600211568 ns
[    0.000000] random: get_random_bytes called from start_kernel+0x99/0x500 with crng_init=0
[    0.000000] setup_percpu: NR_CPUS:8192 nr_cpumask_bits:2 nr_cpu_ids:2 nr_node_ids:1
[    0.000000] percpu: Embedded 45 pages/cpu s147456 r8192 d28672 u1048576
[    0.000000] PV qspinlock hash table entries: 256 (order: 0, 4096 bytes)
[    0.000000] Built 1 zonelists, mobility grouping on.  Total pages: 257913
[    0.000000] Policy zone: DMA32
[    0.000000] Kernel command line: BOOT_IMAGE=/boot/vmlinuz-4.15.0-140-generic root=LABEL=cloudimg-rootfs ro console=tty1 console=ttyS0
[    0.000000] Memory: 983020K/1048120K available (12300K kernel code, 2483K rwdata, 4276K rodata, 2440K init, 2724K bss, 65100K reserved, 0K cma-reserved)
[    0.000000] SLUB: HWalign=64, Order=0-3, MinObjects=0, CPUs=2, Nodes=1
[    0.000000] Kernel/User page tables isolation: enabled
[    0.000000] ftrace: allocating 39429 entries in 155 pages
[    0.004000] Hierarchical RCU implementation.
[    0.004000] 	RCU restricting CPUs from NR_CPUS=8192 to nr_cpu_ids=2.
[    0.004000] 	Tasks RCU enabled.
[    0.004000] RCU: Adjusting geometry for rcu_fanout_leaf=16, nr_cpu_ids=2
[    0.004000] NR_IRQS: 524544, nr_irqs: 440, preallocated irqs: 16
[    0.004000] Console: colour VGA+ 80x25
[    0.004000] console [tty1] enabled
[    0.004000] console [ttyS0] enabled
[    0.004000] ACPI: Core revision 20170831
[    0.004000] ACPI: 2 ACPI AML tables successfully acquired and loaded
[    0.004000] APIC: Switch to symmetric I/O mode setup
[    0.004000] ..TIMER: vector=0x30 apic1=0 pin1=2 apic2=-1 pin2=-1
[    0.004006] tsc: Detected 2711.998 MHz processor
[    0.008018] Calibrating delay loop (skipped) preset value.. 5423.99 BogoMIPS (lpj=10847992)
[    0.012007] pid_max: default: 32768 minimum: 301
[    0.016111] Security Framework initialized
[    0.020008] Yama: becoming mindful.
[    0.024006] AppArmor: AppArmor initialized
[    0.037131] Dentry cache hash table entries: 131072 (order: 8, 1048576 bytes)
[    0.044969] Inode-cache hash table entries: 65536 (order: 7, 524288 bytes)
[    0.048152] Mount-cache hash table entries: 2048 (order: 2, 16384 bytes)
[    0.052099] Mountpoint-cache hash table entries: 2048 (order: 2, 16384 bytes)
[    0.057474] Last level iTLB entries: 4KB 64, 2MB 8, 4MB 8
[    0.060007] Last level dTLB entries: 4KB 64, 2MB 0, 4MB 0, 1GB 4
[    0.064010] Spectre V1 : Mitigation: usercopy/swapgs barriers and __user pointer sanitization
[    0.068007] Spectre V2 : Mitigation: Full generic retpoline
[    0.076004] Spectre V2 : Spectre v2 / SpectreRSB mitigation: Filling RSB on context switch
[    0.080006] Speculative Store Bypass: Vulnerable
[    0.084094] MDS: Mitigation: Clear CPU buffers
[    0.088192] Freeing SMP alternatives memory: 36K
[    0.220008] APIC calibration not consistent with PM-Timer: 108ms instead of 100ms
[    0.224000] APIC delta adjusted to PM-Timer: 6447428 (6971412)
[    0.224615] smpboot: CPU0: Intel(R) Core(TM) i5-7200U CPU @ 2.50GHz (family: 0x6, model: 0x8e, stepping: 0x9)
[    0.229086] Performance Events: unsupported p6 CPU model 142 no PMU driver, software events only.
[    0.232149] Hierarchical SRCU implementation.
[    0.237319] NMI watchdog: Perf event create on CPU 0 failed with -2
[    0.240009] NMI watchdog: Perf NMI watchdog permanently disabled
[    0.244775] smp: Bringing up secondary CPUs ...
[    0.249784] x86: Booting SMP configuration:
[    0.252008] .... node  #0, CPUs:      #1
[    0.004000] kvm-clock: cpu 1, msr 0:3ff44041, secondary cpu clock
[    0.264000] TSC synchronization [CPU#0 -> CPU#1]:
[    0.264000] Measured 531044 cycles TSC warp between CPUs, turning off TSC clock.
[    0.264000] tsc: Marking TSC unstable due to check_tsc_sync_source failed
[    0.272307] smp: Brought up 1 node, 2 CPUs
[    0.276012] smpboot: Max logical packages: 1
[    0.280011] smpboot: Total of 2 processors activated (10847.99 BogoMIPS)
[    0.292159] devtmpfs: initialized
[    0.296166] x86/mm: Memory block size: 128MB
[    0.301234] evm: security.selinux
[    0.304007] evm: security.SMACK64
[    0.308008] evm: security.SMACK64EXEC
[    0.312007] evm: security.SMACK64TRANSMUTE
[    0.316007] evm: security.SMACK64MMAP
[    0.320018] evm: security.apparmor
[    0.324003] evm: security.ima
[    0.328007] evm: security.capability
[    0.336129] clocksource: jiffies: mask: 0xffffffff max_cycles: 0xffffffff, max_idle_ns: 7645041785100000 ns
[    0.340016] futex hash table entries: 512 (order: 3, 32768 bytes)
[    0.344235] pinctrl core: initialized pinctrl subsystem
[    0.348311] RTC time: 12:20:11, date: 07/24/21
[    0.353954] NET: Registered protocol family 16
[    0.356197] audit: initializing netlink subsys (disabled)
[    0.364006] audit: type=2000 audit(1627129217.624:1): state=initialized audit_enabled=0 res=1
[    0.380021] cpuidle: using governor ladder
[    0.384011] cpuidle: using governor menu
[    0.388251] ACPI: bus type PCI registered
[    0.392009] acpiphp: ACPI Hot Plug PCI Controller Driver version: 0.5
[    0.396592] PCI: Using configuration type 1 for base access
[    0.408640] HugeTLB registered 2.00 MiB page size, pre-allocated 0 pages
[    0.420146] ACPI: Added _OSI(Module Device)
[    0.424000] ACPI: Added _OSI(Processor Device)
[    0.424005] ACPI: Added _OSI(3.0 _SCP Extensions)
[    0.428008] ACPI: Added _OSI(Processor Aggregator Device)
[    0.432009] ACPI: Added _OSI(Linux-Dell-Video)
[    0.436012] ACPI: Added _OSI(Linux-Lenovo-NV-HDMI-Audio)
[    0.440011] ACPI: Added _OSI(Linux-HPI-Hybrid-Graphics)
[    0.444958] ACPI: Executed 1 blocks of module-level executable AML code
[    0.453601] ACPI: Interpreter enabled
[    0.456030] ACPI: (supports S0 S5)
[    0.460006] ACPI: Using IOAPIC for interrupt routing
[    0.464625] PCI: Using host bridge windows from ACPI; if necessary, use "pci=nocrs" and report a bug
[    0.468252] ACPI: Enabled 2 GPEs in block 00 to 07
[    0.487212] ACPI: PCI Root Bridge [PCI0] (domain 0000 [bus 00-ff])
[    0.488019] acpi PNP0A03:00: _OSC: OS supports [ASPM ClockPM Segments MSI]
[    0.496379] acpi PNP0A03:00: _OSC: not requesting OS control; OS requires [ExtendedConfig ASPM ClockPM MSI]
[    0.500025] acpi PNP0A03:00: fail to add MMCONFIG information, can't access extended PCI configuration space under this bridge.
[    0.504937] PCI host bridge to bus 0000:00
[    0.508012] pci_bus 0000:00: root bus resource [io  0x0000-0x0cf7 window]
[    0.512013] pci_bus 0000:00: root bus resource [io  0x0d00-0xffff window]
[    0.516009] pci_bus 0000:00: root bus resource [mem 0x000a0000-0x000bffff window]
[    0.520011] pci_bus 0000:00: root bus resource [mem 0x40000000-0xfdffffff window]
[    0.524009] pci_bus 0000:00: root bus resource [bus 00-ff]
[    0.535657] pci 0000:00:01.1: legacy IDE quirk: reg 0x10: [io  0x01f0-0x01f7]
[    0.536008] pci 0000:00:01.1: legacy IDE quirk: reg 0x14: [io  0x03f6]
[    0.540012] pci 0000:00:01.1: legacy IDE quirk: reg 0x18: [io  0x0170-0x0177]
[    0.544008] pci 0000:00:01.1: legacy IDE quirk: reg 0x1c: [io  0x0376]
[    0.610664] pci 0000:00:07.0: quirk: [io  0x4000-0x403f] claimed by PIIX4 ACPI
[    0.612038] pci 0000:00:07.0: quirk: [io  0x4100-0x410f] claimed by PIIX4 SMB
[    0.629122] ACPI: PCI Interrupt Link [LNKA] (IRQs 5 9 10 *11)
[    0.636261] ACPI: PCI Interrupt Link [LNKB] (IRQs 5 9 *10 11)
[    0.640219] ACPI: PCI Interrupt Link [LNKC] (IRQs 5 *9 10 11)
[    0.644219] ACPI: PCI Interrupt Link [LNKD] (IRQs 5 9 10 *11)
[    0.649098] SCSI subsystem initialized
[    0.656040] pci 0000:00:02.0: vgaarb: setting as boot VGA device
[    0.660000] pci 0000:00:02.0: vgaarb: VGA device added: decodes=io+mem,owns=io+mem,locks=none
[    0.660028] pci 0000:00:02.0: vgaarb: bridge control possible
[    0.664009] vgaarb: loaded
[    0.668154] ACPI: bus type USB registered
[    0.672062] usbcore: registered new interface driver usbfs
[    0.676064] usbcore: registered new interface driver hub
[    0.680020] usbcore: registered new device driver usb
[    0.688013] EDAC MC: Ver: 3.0.0
[    0.692391] PCI: Using ACPI for IRQ routing
[    0.696939] NetLabel: Initializing
[    0.700008] NetLabel:  domain hash size = 128
[    0.704005] NetLabel:  protocols = UNLABELED CIPSOv4 CALIPSO
[    0.708029] NetLabel:  unlabeled traffic allowed by default
[    0.716314] clocksource: Switched to clocksource kvm-clock
[    0.725789] VFS: Disk quotas dquot_6.6.0
[    0.725789] VFS: Dquot-cache hash table entries: 512 (order 0, 4096 bytes)
[    0.725789] AppArmor: AppArmor Filesystem Enabled
[    0.725789] pnp: PnP ACPI init
[    0.725789] pnp: PnP ACPI: found 3 devices
[    0.871034] clocksource: acpi_pm: mask: 0xffffff max_cycles: 0xffffff, max_idle_ns: 2085701024 ns
[    0.872345] NET: Registered protocol family 2
[    0.884313] TCP established hash table entries: 8192 (order: 4, 65536 bytes)
[    0.895355] TCP bind hash table entries: 8192 (order: 5, 131072 bytes)
[    0.902763] TCP: Hash tables configured (established 8192 bind 8192)
[    0.910223] UDP hash table entries: 512 (order: 2, 16384 bytes)
[    0.912959] UDP-Lite hash table entries: 512 (order: 2, 16384 bytes)
[    0.912959] NET: Registered protocol family 1
[    0.912959] pci 0000:00:00.0: Limiting direct PCI/PCI transfers
[    0.912959] pci 0000:00:01.0: Activating ISA DMA hang workarounds
[    0.912959] pci 0000:00:02.0: Video device with shadowed ROM at [mem 0x000c0000-0x000dffff]
[    0.945711] Unpacking initramfs...
[    1.774985] Freeing initrd memory: 19224K
[    1.776893] clocksource: tsc: mask: 0xffffffffffffffff max_cycles: 0x27178451938, max_idle_ns: 440795251172 ns
[    1.794477] platform rtc_cmos: registered platform RTC device (no PNP device found)
[    1.802958] Scanning for low memory corruption every 60 seconds
[    1.813006] Initialise system trusted keyrings
[    1.817359] Key type blacklist registered
[    1.824722] workingset: timestamp_bits=36 max_order=18 bucket_order=0
[    1.835189] zbud: loaded
[    1.841116] squashfs: version 4.0 (2009/01/31) Phillip Lougher
[    1.848158] fuse init (API version 7.26)
[    1.910891] Key type asymmetric registered
[    1.915305] Asymmetric key parser 'x509' registered
[    1.922603] Block layer SCSI generic (bsg) driver version 0.4 loaded (major 246)
[    1.933161] io scheduler noop registered
[    1.936950] io scheduler deadline registered
[    1.942262] io scheduler cfq registered (default)
[    1.947518] ACPI: AC Adapter [AC] (on-line)
[    1.953169] input: Power Button as /devices/LNXSYSTM:00/LNXPWRBN:00/input/input0
[    1.962960] ACPI: Power Button [PWRF]
[    1.967034] input: Sleep Button as /devices/LNXSYSTM:00/LNXSLPBN:00/input/input1
[    1.976137] ACPI: Sleep Button [SLPF]
[    1.981093] Serial: 8250/16550 driver, 32 ports, IRQ sharing enabled
[    1.982633] ACPI: Battery Slot [BAT0] (battery present)
[    2.028562] 00:02: ttyS0 at I/O 0x3f8 (irq = 4, base_baud = 115200) is a 16550A
[    2.041845] Linux agpgart interface v0.103
[    2.051899] loop: module loaded
[    2.060788] scsi host0: ata_piix
[    2.065936] scsi host1: ata_piix
[    2.069426] ata1: PATA max UDMA/33 cmd 0x1f0 ctl 0x3f6 bmdma 0xd000 irq 14
[    2.077410] ata2: PATA max UDMA/33 cmd 0x170 ctl 0x376 bmdma 0xd008 irq 15
[    2.085565] libphy: Fixed MDIO Bus: probed
[    2.092662] tun: Universal TUN/TAP device driver, 1.6
[    2.097517] PPP generic driver version 2.4.2
[    2.102467] ehci_hcd: USB 2.0 'Enhanced' Host Controller (EHCI) Driver
[    2.108939] ehci-pci: EHCI PCI platform driver
[    2.113777] ehci-platform: EHCI generic platform driver
[    2.118593] ohci_hcd: USB 1.1 'Open' Host Controller (OHCI) Driver
[    2.126870] ohci-pci: OHCI PCI platform driver
[    2.131648] ohci-platform: OHCI generic platform driver
[    2.137849] uhci_hcd: USB Universal Host Controller Interface driver
[    2.147304] i8042: PNP: PS/2 Controller [PNP0303:PS2K,PNP0f03:PS2M] at 0x60,0x64 irq 1,12
[    2.165803] serio: i8042 KBD port at 0x60,0x64 irq 1
[    2.172585] serio: i8042 AUX port at 0x60,0x64 irq 12
[    2.178225] mousedev: PS/2 mouse device common for all mice
[    2.194025] input: AT Translated Set 2 keyboard as /devices/platform/i8042/serio0/input/input2
[    2.217650] rtc_cmos rtc_cmos: rtc core: registered rtc_cmos as rtc0
[    2.231426] rtc_cmos rtc_cmos: alarms up to one day, 114 bytes nvram
[    2.242398] i2c /dev entries driver
[    2.247058] device-mapper: uevent: version 1.0.3
[    2.254033] device-mapper: ioctl: 4.37.0-ioctl (2017-09-20) initialised: dm-devel@redhat.com
[    2.303525] ledtrig-cpu: registered to indicate activity on CPUs
[    2.340950] NET: Registered protocol family 10
[    2.357381] Segment Routing with IPv6
[    2.362893] NET: Registered protocol family 17
[    2.368387] Key type dns_resolver registered
[    2.373851] mce: Using 0 MCE banks
[    2.377706] RAS: Correctable Errors collector initialized.
[    2.383300] sched_clock: Marking stable (2383230993, 0)->(3474886953, -1091655960)
[    2.396566] registered taskstats version 1
[    2.401231] Loading compiled-in X.509 certificates
[    2.411521] Loaded X.509 cert 'Build time autogenerated kernel key: f44537957b99d83206ce3e6a27744bf062e80295'
[    2.423644] zswap: loaded using pool lzo/zbud
[    2.442291] Key type big_key registered
[    2.446067] Key type trusted registered
[    2.455503] Key type encrypted registered
[    2.462408] AppArmor: AppArmor sha1 policy hashing enabled
[    2.468333] ima: No TPM chip found, activating TPM-bypass! (rc=-19)
[    2.475255] ima: Allocated hash algorithm: sha1
[    2.481256] evm: HMAC attrs: 0x1
[    2.485224]   Magic number: 13:353:330
[    2.489832] tty tty51: hash matches
[    2.496315] rtc_cmos rtc_cmos: setting system clock to 2021-07-24 12:20:13 UTC (1627129213)
[    2.504935] BIOS EDD facility v0.16 2004-Jun-25, 0 devices found
[    2.511024] EDD information not available.
[    2.520523] Freeing unused kernel image memory: 2440K
[    2.541286] Write protecting the kernel read-only data: 20480k
[    2.547812] Freeing unused kernel image memory: 2008K
[    2.555175] Freeing unused kernel image memory: 1868K
[    2.570111] x86/mm: Checked W+X mappings: passed, no W+X pages found.
[    2.578919] x86/mm: Checking user space page tables
[    2.594661] x86/mm: Checked W+X mappings: passed, no W+X pages found.
Loading, please wait...
starting version 237
[    2.748875] e1000: Intel(R) PRO/1000 Network Driver - version 7.3.21-k8-NAPI
[    2.757059] e1000: Copyright (c) 1999-2006 Intel Corporation.
[    2.769137] Fusion MPT base driver 3.04.20
[    2.775585] Copyright (c) 1999-2008 LSI Corporation
[    2.807071] Fusion MPT SPI Host driver 3.04.20
[    3.065029] input: ImExPS/2 Generic Explorer Mouse as /devices/platform/i8042/serio1/input/input4
[    3.732749] e1000 0000:00:03.0 eth0: (PCI:33MHz:32-bit) 02:05:85:8a:28:11
[    3.739970] e1000 0000:00:03.0 eth0: Intel(R) PRO/1000 Network Connection
[    3.752541] mptbase: ioc0: Initiating bringup
[    3.753233] e1000 0000:00:03.0 enp0s3: renamed from eth0
[    3.888455] ioc0: LSI53C1030 A0: Capabilities={Initiator}
[    4.153394] scsi host2: ioc0: LSI53C1030 A0, FwRev=00000000h, Ports=1, MaxQ=256, IRQ=20
[    4.334408] scsi 2:0:0:0: Direct-Access     VBOX     HARDDISK         1.0  PQ: 0 ANSI: 5
[    5.422613] scsi target2:0:0: Beginning Domain Validation
[    5.438938] scsi target2:0:0: Domain Validation skipping write tests
[    5.445111] scsi target2:0:0: Ending Domain Validation
[    5.450902] scsi target2:0:0: asynchronous
[    5.456223] random: fast init done
[    5.463816] scsi 2:0:1:0: Direct-Access     VBOX     HARDDISK         1.0  PQ: 0 ANSI: 5
[    6.328275] scsi target2:0:1: Beginning Domain Validation
[    6.358456] scsi target2:0:1: Domain Validation skipping write tests
[    6.366041] scsi target2:0:1: Ending Domain Validation
[    6.371909] scsi target2:0:1: asynchronous
[    6.389103] random: systemd-udevd: uninitialized urandom read (16 bytes read)
[    6.396808] random: systemd-udevd: uninitialized urandom read (16 bytes read)
[    6.403205] random: systemd-udevd: uninitialized urandom read (16 bytes read)
[    6.413259] sd 2:0:0:0: Attached scsi generic sg0 type 0
[    6.425543] sd 2:0:1:0: Attached scsi generic sg1 type 0
[    6.432264] sd 2:0:1:0: [sdb] 20480 512-byte logical blocks: (10.5 MB/10.0 MiB)
[    6.432720] sd 2:0:0:0: [sda] 83886080 512-byte logical blocks: (42.9 GB/40.0 GiB)
[    6.449962] sd 2:0:0:0: [sda] Write Protect is off
[    6.459068] sd 2:0:1:0: [sdb] Write Protect is off
[    6.466572] sd 2:0:0:0: [sda] Incomplete mode parameter data
[    6.466574] sd 2:0:0:0: [sda] Assuming drive cache: write through
[    6.488750]  sda: sda1
[    6.498320] sd 2:0:1:0: [sdb] Incomplete mode parameter data
[    6.507396] sd 2:0:0:0: [sda] Attached SCSI disk
[    6.514605] sd 2:0:1:0: [sdb] Assuming drive cache: write through
[    6.545968] sd 2:0:1:0: [sdb] Attached SCSI disk
Begin: Loading essential drivers ... [    9.216320] raid6: sse2x1   gen()  7037 MB/s
[    9.268074] raid6: sse2x1   xor()  6226 MB/s
[    9.319934] raid6: sse2x2   gen() 11035 MB/s
[    9.372225] raid6: sse2x2   xor()  6713 MB/s
[    9.424193] raid6: sse2x4   gen() 12095 MB/s
[    9.476231] raid6: sse2x4   xor()  7915 MB/s
[    9.482715] raid6: using algorithm sse2x4 gen() 12095 MB/s
[    9.489624] raid6: .... xor() 7915 MB/s, rmw enabled
[    9.495726] raid6: using ssse3x2 recovery algorithm
[    9.504982] xor: measuring software checksum speed
[    9.548050]    prefetch64-sse: 15234.000 MB/sec
[    9.597092]    generic_sse: 36453.000 MB/sec
[    9.602065] xor: using function: generic_sse (36453.000 MB/sec)
[    9.610218] async_tx: api initialized (async)
done.
Begin: Running /scripts/init-premount ... done.
Begin: Mounting root file system ... Begin: Running /scripts/local-top ... done.
Begin: Running /scripts/local-premount ... [    9.703589] Btrfs loaded, crc32c=crc32c-intel
Scanning for Btrfs filesystems
done.
Warning: fsck not present, so skipping root file system
[    9.790985] EXT4-fs (sda1): mounted filesystem with ordered data mode. Opts: (null)
done.
Begin: Running /scripts/local-bottom ... done.
Begin: Running /scripts/init-bottom ... done.
[   10.227421] ip_tables: (C) 2000-2006 Netfilter Core Team
[   10.274347] systemd[1]: systemd 237 running in system mode. (+PAM +AUDIT +SELINUX +IMA +APPARMOR +SMACK +SYSVINIT +UTMP +LIBCRYPTSETUP +GCRYPT +GNUTLS +ACL +XZ +LZ4 +SECCOMP +BLKID +ELFUTILS +KMOD -IDN2 +IDN -PCRE2 default-hierarchy=hybrid)
[   10.301633] systemd[1]: Detected virtualization oracle.
[   10.307008] systemd[1]: Detected architecture x86-64.

Welcome to [1mUbuntu 18.04.5 LTS[0m!

[   10.364968] systemd[1]: Set hostname to <ubuntu>.
[   10.385275] systemd[1]: Initializing machine ID from random generator.
[   10.392411] systemd[1]: Installed transient /etc/machine-id file.
[   10.945296] systemd[1]: Reached target System Time Synchronized.
[[0;32m  OK  [0m] Reached target System Time Synchronized.
[   10.974090] systemd[1]: Created slice System Slice.
[[0;32m  OK  [0m] Created slice System Slice.
[   10.983868] systemd[1]: Listening on fsck to fsckd communication Socket.
[[0;32m  OK  [0m] Listening on fsck to fsckd communication Socket.
[   10.997274] systemd[1]: Listening on Network Service Netlink Socket.
[[0;32m  OK  [0m] Listening on Network Service Netlink Socket.
[[0;32m  OK  [0m] Listening on Syslog Socket.
[[0;32m  OK  [0m] Set up automount Arbitrary Executab…rmats File System Automount Point.
[[0;32m  OK  [0m] Listening on udev Kernel Socket.
[[0;32m  OK  [0m] Listening on Journal Audit Socket.
[[0;32m  OK  [0m] Reached target Swap.
[[0;32m  OK  [0m] Listening on Device-mapper event daemon FIFOs.
[[0;32m  OK  [0m] Listening on /dev/initctl Compatibility Named Pipe.
[[0;32m  OK  [0m] Listening on udev Control Socket.
[[0;32m  OK  [0m] Created slice User and Session Slice.
[[0;32m  OK  [0m] Reached target Slices.
[[0;32m  OK  [0m] Reached target User and Group Name Lookups.
[[0;32m  OK  [0m] Listening on LVM2 poll daemon socket.
[[0;32m  OK  [0m] Started Forward Password Requests to Wall Directory Watch.
[[0;32m  OK  [0m] Created slice system-serial\x2dgetty.slice.
[[0;32m  OK  [0m] Listening on Journal Socket.
         Starting Create list of required st…ce nodes for the current kernel...
         Mounting Kernel Debug File System...
         Starting File System Check on Root Device...
         Starting Load Kernel Modules...
         Starting Uncomplicated firewall...
         Mounting POSIX Message Queue File System...
         Starting udev Coldplug all Devices...
         Starting Set the console keyboard layout...
         Mounting Huge Pages File System...
[[0;32m  OK  [0m] Listening on Journal Socket (/dev/log).
         Starting Journal Service...
[   11.188877] Loading iSCSI transport class v2.0-870.
[[0;32m  OK  [0m] Listening on LVM2 metadata daemon socket.
         Starting Monitoring of LVM2 mirrors…ng dmeventd or progress polling...
[[0;32m  OK  [0m] Started Create list of required sta…vice nodes for the current kernel.
[[0;32m  OK  [0m] Mounted Kernel Debug File System.
[[0;32m  OK  [0m] Started Uncomplicated firewall.
[[0;32m  OK  [0m] Mounted POSIX Message Queue File System.
[[0;32m  OK  [0m] Mounted Huge Pages File System.
[[0;32m  OK  [0m] Started File System Check Daemon to report status.
         Starting Create Static Device Nodes in /dev...
[[0;32m  OK  [0m] Started Journal Service.
[[0;32m  OK  [0m] Started File System Check on Root Device.[   11.381493] iscsi: registered transport (tcp)

         Starting Remount Root and Kernel File Systems...
[[0;32m  OK  [0m] Started udev Coldplug all Devices.
[[0;32m  OK  [0m] Started LVM2 metadata daemon.
[   11.541801] EXT4-fs (sda1): re-mounted. Opts: (null)
[[0;32m  OK  [0m] Started Remount Root and Kernel File Systems.
         Starting Load/Save Random Seed...
         Starting Flush Journal to Persistent Storage...
[[0;32m  OK  [0m] Started Load/Save Random Seed.
[[0;32m  OK  [0m] Started Create Static Device Nodes in /dev.
         Starting udev Kernel Device Manager...
[   11.662414] systemd-journald[401]: Received request to flush runtime journal from PID 1
[   11.677404] iscsi: registered transport (iser)
[[0;32m  OK  [0m] Started Set the console keyboard layout.
[[0;32m  OK  [0m] Started Load Kernel Modules.
         Starting Apply Kernel Variables...
         Mounting FUSE Control File System...
         Mounting Kernel Configuration File System...
[[0;32m  OK  [0m] Mounted Kernel Configuration File System.
[[0;32m  OK  [0m] Mounted FUSE Control File System.
[[0;32m  OK  [0m] Started udev Kernel Device Manager.
[[0;32m  OK  [0m] Started Dispatch Password Requests to Console Directory Watch.
[[0;32m  OK  [0m] Reached target Local Encrypted Volumes.
[[0;32m  OK  [0m] Started Monitoring of LVM2 mirrors,…sing dmeventd or progress polling.
[[0;32m  OK  [0m] Reached target Local File Systems (Pre).
[[0;32m  OK  [0m] Reached target Local File Systems.
         Starting Tell Plymouth To Write Out Runtime Data...
         Starting AppArmor initialization...
         Starting Commit a transient machine-id on disk...
         Starting Set console font and keymap...
         Starting ebtables ruleset management...
[[0;32m  OK  [0m] Started Flush Journal to Persistent Storage.
[[0;32m  OK  [0m] Started Apply Kernel Variables.
         Starting Create Volatile Files and Directories...
[[0;32m  OK  [0m] Started Tell Plymouth To Write Out Runtime Data.
[[0;32m  OK  [0m] Started Set console font and keymap.
[[0;32m  OK  [0m] Started Create Volatile Files and Directories.
         Starting Update UTMP about System Boot/Shutdown...
[[0;32m  OK  [0m] Started Update UTMP about System Boot/Shutdown.
[[0;32m  OK  [0m] Started Commit a transient machine-id on disk.
[[0;32m  OK  [0m] Started ebtables ruleset management.
[[0;32m  OK  [0m] Found device /dev/ttyS0.
[[0;32m  OK  [0m] Listening on Load/Save RF Kill Switch Status /dev/rfkill Watch.
[[0;32m  OK  [0m] Started AppArmor initialization.
         Starting Load AppArmor profiles managed internally by snapd...
         Starting Initial cloud-init job (pre-networking)...
[[0;32m  OK  [0m] Started Load AppArmor profiles managed internally by snapd.
[   16.514033] cloud-init[549]: Cloud-init v. 20.4.1-0ubuntu1~18.04.1 running 'init-local' at Sat, 24 Jul 2021 12:20:26 +0000. Up 15.83 seconds.
[[0;32m  OK  [0m] Started Initial cloud-init job (pre-networking).
[[0;32m  OK  [0m] Reached target Network (Pre).
         Starting Network Service...
[[0;32m  OK  [0m] Started Network Service.
         Starting Network Name Resolution...
         Starting Wait for Network to be Configured...
[[0;32m  OK  [0m] Started Network Name Resolution.
[[0;32m  OK  [0m] Reached target Host and Network Name Lookups.
[[0;32m  OK  [0m] Reached target Network.
[[0;32m  OK  [0m] Started Wait for Network to be Configured.
         Starting Initial cloud-init job (metadata service crawler)...
[   18.811632] cloud-init[649]: Cloud-init v. 20.4.1-0ubuntu1~18.04.1 running 'init' at Sat, 24 Jul 2021 12:20:29 +0000. Up 18.60 seconds.
[   18.823275] cloud-init[649]: ci-info: +++++++++++++++++++++++++++++++++++++Net device info++++++++++++++++++++++++++++++++++++++
[   18.828809] cloud-init[649]: ci-info: +--------+------+---------------------------+---------------+--------+-------------------+
[   18.835969] cloud-init[649]: ci-info: | Device |  Up  |          Address          |      Mask     | Scope  |     Hw-Address    |
[   18.842023] cloud-init[649]: ci-info: +--------+------+---------------------------+---------------+--------+-------------------+
[   18.847402] cloud-init[649]: ci-info: | enp0s3 | True |         10.0.2.15         | 255.255.255.0 | global | 02:05:85:8a:28:11 |
[   18.855044] cloud-init[649]: ci-info: | enp0s3 | True | fe80::5:85ff:fe8a:2811/64 |       .       |  link  | 02:05:85:8a:28:11 |
[   18.862728] cloud-init[649]: ci-info: |   lo   | True |         127.0.0.1         |   255.0.0.0   |  host  |         .         |
[   18.869189] cloud-init[649]: ci-info: |   lo   | True |          ::1/128          |       .       |  host  |         .         |
[   18.875870] cloud-init[649]: ci-info: +--------+------+---------------------------+---------------+--------+-------------------+
[   18.883020] cloud-init[649]: ci-info: ++++++++++++++++++++++++++++Route IPv4 info+++++++++++++++++++++++++++++
[   18.888778] cloud-init[649]: ci-info: +-------+-------------+----------+-----------------+-----------+-------+
[   18.894718] cloud-init[649]: ci-info: | Route | Destination | Gateway  |     Genmask     | Interface | Flags |
[   18.901500] cloud-init[649]: ci-info: +-------+-------------+----------+-----------------+-----------+-------+
[   18.905810] cloud-init[649]: ci-info: |   0   |   0.0.0.0   | 10.0.2.2 |     0.0.0.0     |   enp0s3  |   UG  |
[   18.909995] cloud-init[649]: ci-info: |   1   |   10.0.2.0  | 0.0.0.0  |  255.255.255.0  |   enp0s3  |   U   |
[   18.917957] cloud-init[649]: ci-info: |   2   |   10.0.2.2  | 0.0.0.0  | 255.255.255.255 |   enp0s3  |   UH  |
[   18.927275] cloud-init[649]: ci-info: +-------+-------------+----------+-----------------+-----------+-------+
[   18.937507] cloud-init[649]: ci-info: +++++++++++++++++++Route IPv6 info+++++++++++++++++++
[   18.946664] cloud-init[649]: ci-info: +-------+-------------+---------+-----------+-------+
[   18.957001] cloud-init[649]: ci-info: | Route | Destination | Gateway | Interface | Flags |
[   18.966529] cloud-init[649]: ci-info: +-------+-------------+---------+-----------+-------+
[   18.974641] cloud-init[649]: ci-info: |   1   |  fe80::/64  |    ::   |   enp0s3  |   U   |
[   18.982324] cloud-init[649]: ci-info: |   3   |    local    |    ::   |   enp0s3  |   U   |
[   18.995549] cloud-init[649]: ci-info: |   4   |   ff00::/8  |    ::   |   enp0s3  |   U   |
[   19.006155] cloud-init[649]: ci-info: +-------+-------------+---------+-----------+-------+
[   20.552007] cloud-init[649]: Generating public/private rsa key pair.
[   20.559722] cloud-init[649]: Your identification has been saved in /etc/ssh/ssh_host_rsa_key.
[   20.569101] cloud-init[649]: Your public key has been saved in /etc/ssh/ssh_host_rsa_key.pub.
[   20.576101] cloud-init[649]: The key fingerprint is:
[   20.583271] cloud-init[649]: SHA256:18Sm0aUEEg2QYUDy/jL6iP1zI+srPwq5l0DvlKIKRpw root@ubuntu-bionic
[   20.588650] cloud-init[649]: The key's randomart image is:
[   20.595847] cloud-init[649]: +---[RSA 2048]----+
[   20.602976] cloud-init[649]: |  ..o.++++... .  |
[   20.609727] cloud-init[649]: |   o ..  ..+ o   |
[   20.617021] cloud-init[649]: |    .     . *    |
[   20.623481] cloud-init[649]: |....       *     |
[   20.631093] cloud-init[649]: |.E. o   S o .    |
[   20.639905] cloud-init[649]: |oo + .   .       |
[   20.648430] cloud-init[649]: |=o+.o .          |
[[0;32m  OK  [0m] Started Initial cloud-init job (metadata service crawler).
[[0;32m  OK  [0m] Reached target Network is Online.
[[0;32m  OK  [0m] Reached target Remote File Systems (Pre).
[[0;32m  OK  [0m] Reached target Remote File Systems.
[   20.671070] cloud-init         Starting Availability of block devices...
[[0;32m  OK  [0m] Reached target Cloud-config availability.
[[0;32m  OK  [0m] Reached target System Initialization.
[[0;32m  OK  [0m] Started Discard unused blocks once a week.
         Starting Socket activation for snappy daemon.
[[0;32m  OK  [0m] Listening on ACPID Listen Socket.
         Starting LXD - unix socket.
[[0;32m  OK  [0m] Started Daily Cleanup of Temporary Directories.
[[0;32m  OK  [0m] Listening on Open-iSCSI iscsid Socket.
[[0;32m  OK  [0m] Started Daily apt download activities.
[[0;32m  OK  [0m] Started Daily apt upgrade and clean activities.
[[0;32m  OK  [0m] Started Message of the Day.
[[0;32m  OK  [0m] Listening on UUID daemon activation socket.
[[0;32m  OK  [0m] Reached target Timers.
[[0;32m  OK  [0m] Listening on D-Bus System Message Bus Socket.
[[0;32m  OK  [0m] Started ACPI Events Check.
[[0;32m  OK  [0m] Reached target Paths.
[[0;32m  OK  [0m] Started Availability of block devices.
[[0;32m  OK  [0m] Listening on Socket activation for snappy daemon.
[[0;32m  OK  [0m] Listening on LXD - unix socket.
[[0;32m  OK  [0m] Reached target Sockets.
[[0;32m  OK  [0m] Reached target Basic System.
[[0;32m  OK  [0m] Started irqbalance daemon.
         Starting Accounts Service...
[[0;32m  OK  [0m] Started Deferred execution scheduler.
[649]:          Starting LSB: Record successful boot for GRUB...
|+=+++oo          |
[   20.774111] cloud-init[649]: |=.=BBB .         |
[   20.777513] cloud-init[649]: +----[SHA256]-----+
[   20.782006] cloud-init[649]: Generating public/private dsa key pair.
[   20.789009] cloud-init[649]: Your identification has been saved in /etc/ssh/ssh_host_dsa_key.
[   20.795391] cloud-init[649]: Your public key has been saved in /etc/ssh/ssh_host_dsa_key.pub.
[[0;32m  OK  [0m] Started Regular background program processing daemon.
         Starting Virtualbox guest utils...
[   20.806068] cloud-init[649]: The key fingerprint is:
[   20.825879] cloud-init[649]: SHA256:vHu3cz7gfPH8qrG4DygdfDLTMEeVZP06J9GYqZ4Lvc0 root@ubuntu-bionic
         Starting Login Service...
[   20.836864] cloud-init[649]: The key's randomart image is:
[   20.845334] cloud-init[649]: +---[DSA 1024]----+
[   20.849679] cloud-init[649]: |          .o+o   |
[   20.853919] cloud-init[649]: |         . .. .  |
[   20.856830] cloud-init[649]: |        o .    * |
[   20.860742] cloud-init[649]: |       o =    = o|
[   20.863534] cloud-init[649]: |        S o  . o |
[   20.866329] cloud-init[649]: |       . O .o = .|
[   20.868343] cloud-init[649]: |      . + o+oo B |
[   20.871202] cloud-init[649]: |       . ..+B*+ o|
[   20.874778] cloud-init[649]: |        ..o+BOEoo|
[   20.877703] cloud-init[649]: +----[SHA256]-----+
[   20.883295] cloud-init[649]: Generating public/private ecdsa key pair.
[   20.887164] cloud-init[649]: Your identification has been saved in /etc/ssh/ssh_host_ecdsa_key.
[   20.892776] cloud-init[649]: Your public key has been saved in /etc/ssh/ssh_host_ecdsa_key.pub.
[   20.896963] cloud-init[649]: The key fingerprint is:
[   20.899539] cloud-init[649]: SHA256:GXvqKhpuHBsYkRo0yfMBS1cn0IdNcDrP4s+Obx1MgOg root@ubuntu-bionic
[   20.906145] cloud-init[649]: The key's randomart image is:
         Starting Dispatcher daemon for systemd-networkd...
         Starting Pollinate to seed the pseudo random number generator...
[[0;32m  OK  [0m] Started D-Bus System Message Bus.
[   20.912738] cloud-init[649]: +---[ECDSA 256]---+
[   20.942845] cloud-init[649]: |o*oo=+*+         |
[   20.945501] cloud-init[649]: |=++o +=+         |
[   20.952560] cloud-init[649]: |.++ .o. o        |
[   20.956594] cloud-init[649]: |o  E  +  =       |
[   20.963641] cloud-init[649]: | o   . oS .      |
[   20.966939] cloud-init[649]: |. o . .  =       |
[   20.968943] cloud-init[649]: | ..+ .  o .      |
[   20.972181] cloud-init[649]: | .+.. +o .       |
[   20.975007] cloud-init[649]: | .o. o=*.        |
[   20.984502] cloud-init[649]: +----[SHA256]-----+
[   20.988669] cloud-init[649]: Generating public/private ed25519 key pair.
[   20.993017] cloud-init[649]: Your identification has been saved in /etc/ssh/ssh_host_ed25519_key.
[   20.997529] cloud-init[649]: Your public key has been saved in /etc/ssh/ssh_host_ed25519_key.pub.
[   21.002880] cloud-init[649]: The key fingerprint is:
[   21.005219] cloud-init[649]: SHA256:zTTAE6bsYe1VBhA5XU+EyvkmPruw6UYPDtWThGX8h7s root@ubuntu-bionic
[   21.008704] cloud-init[649]: The key's randomart image is:
[   21.011970] cloud-init[649]: +--[ED25519 256]--+
[   21.016330] cloud-init[649]: |       .*X+o+oo  |
[   21.020817] cloud-init[649]: |     . +*o+o.o   |
[   21.025044] cloud-init[649]: |      = .*+= ..  |
[   21.027992] cloud-init[649]: |     o o.=B.o .  |
[   21.030961] cloud-init[649]: |      ..S oo o   |
[   21.034486] cloud-init[649]: |      . o . +    |
[   21.036936] cloud-init[649]: |       +.+ o .   |
[   21.039326] cloud-init[649]: |        o++ E    |
[   21.048955] cloud-init[649]: |       o+ o+     |
[   21.052936] cloud-init[649]: +----[SHA256]-----+
         Starting Snap Daemon...
         Starting System Logging Service...
         Starting Permit User Sessions...
         Starting LSB: automatic crash report generation...
[[0;32m  OK  [0m] Started FUSE filesystem for LXC.
         Starting LXD - container startup/shutdown...
[[0;32m  OK  [0m] Started Permit User Sessions.
[[0;32m  OK  [0m] Started Login Service.
[[0;32m  OK  [0m] Started Unattended Upgrades Shutdown.
         Starting Terminate Plymouth Boot Screen...
         Starting Hold until boot process finishes up...
[[0;32m  OK  [0m] Started System Logging Service.
[[0;32m  OK  [0m] Started Terminate Plymouth Boot Screen.
[[0;32m  OK  [0m] Started Hold until boot process finishes up.
         Starting Set console scheme...
[[0;32m  OK  [0m] Started Serial Getty on ttyS0.
[[0;32m  OK  [0m] Started Set console scheme.
[[0;32m  OK  [0m] Created slice system-getty.slice.
[[0;32m  OK  [0m] Started Getty on tty1.
[[0;32m  OK  [0m] Reached target Login Prompts.
         Starting Authorization Manager...
[[0;32m  OK  [0m] Started LSB: automatic crash report generation.
[[0;32m  OK  [0m] Started LSB: Record successful boot for GRUB.
[[0;32m  OK  [0m] Started Authorization Manager.
[[0;32m  OK  [0m] Started Accounts Service.
[[0;32m  OK  [0m] Started Virtualbox guest utils.
[[0;32m  OK  [0m] Started Dispatcher daemon for systemd-networkd.
[[0;32m  OK  [0m] Started LXD - container startup/shutdown.
[[0;32m  OK  [0m] Started Snap Daemon.
         Starting Wait until snapd is fully seeded...
[[0;32m  OK  [0m] Started Pollinate to seed the pseudo random number generator.
         Starting OpenBSD Secure Shell server...
[[0;32m  OK  [0m] Started OpenBSD Secure Shell server.
[[0;32m  OK  [0m] Created slice User Slice of vagrant.
         Starting User Manager for UID 1000...
[[0;32m  OK  [0m] Started Session 1 of user vagrant.
[[0;32m  OK  [0m] Started User Manager for UID 1000.

Ubuntu 18.04.5 LTS ubuntu-bionic ttyS0

ubuntu-bionic login: [   30.902610] cloud-init[1161]: Cloud-init v. 20.4.1-0ubuntu1~18.04.1 running 'modules:config' at Sat, 24 Jul 2021 12:20:40 +0000. Up 29.79 seconds.
ci-info: no authorized SSH keys fingerprints found for user ubuntu.
<14>Jul 24 12:20:43 ec2: 
<14>Jul 24 12:20:43 ec2: #############################################################
<14>Jul 24 12:20:43 ec2: -----BEGIN SSH HOST KEY FINGERPRINTS-----
<14>Jul 24 12:20:43 ec2: 1024 SHA256:vHu3cz7gfPH8qrG4DygdfDLTMEeVZP06J9GYqZ4Lvc0 root@ubuntu-bionic (DSA)
<14>Jul 24 12:20:43 ec2: 256 SHA256:GXvqKhpuHBsYkRo0yfMBS1cn0IdNcDrP4s+Obx1MgOg root@ubuntu-bionic (ECDSA)
<14>Jul 24 12:20:43 ec2: 256 SHA256:zTTAE6bsYe1VBhA5XU+EyvkmPruw6UYPDtWThGX8h7s root@ubuntu-bionic (ED25519)
<14>Jul 24 12:20:43 ec2: 2048 SHA256:18Sm0aUEEg2QYUDy/jL6iP1zI+srPwq5l0DvlKIKRpw root@ubuntu-bionic (RSA)
<14>Jul 24 12:20:43 ec2: -----END SSH HOST KEY FINGERPRINTS-----
<14>Jul 24 12:20:43 ec2: #############################################################
-----BEGIN SSH HOST KEY KEYS-----
ecdsa-sha2-nistp256 AAAAE2VjZHNhLXNoYTItbmlzdHAyNTYAAAAIbmlzdHAyNTYAAABBBJDuYpTg2M5HgXerOEaakucPz7CZthzKnFmrYYx71H02Ffr74gysgsQvuaJCSItdXQKthFWjmtb3H1bBTLyLLNE= root@ubuntu-bionic
ssh-ed25519 AAAAC3NzaC1lZDI1NTE5AAAAIGcCXRAjM9JV9RvPHKYS+sOh06lVPabwn18HfYklNmth root@ubuntu-bionic
ssh-rsa AAAAB3NzaC1yc2EAAAADAQABAAABAQC57H/Kc28EBKkhaV0PDUd8jaVgZM1sFkYnDnARkhroD7aUTyRY2DhVduRvaqoOV2kFdcISBHo0/Zaz5OT6qVaukexbfGupa3+DmH6EuQMLBmIRO359QKkQVo4PE55HFKpIsPPm5PxG4DlDAsGaBphDN8majHegKnX/4MXLBjCtjkfl+wdaYPUnJfrSNFXCb9MsTBcwGDRgMfJSozzqsJE7m9/z5Ed92SdkMRSIfRzRW39Ura65NcuqmlfQP1CbA0/8AgKUnTRdSscyBhyZAMH26R2PDKdBgBHiwyvWpr2BgPNosf2JACTEKHqpVHOdJ0e0yoeWwaSuv6skXKFQJ38b root@ubuntu-bionic
-----END SSH HOST KEY KEYS-----
[   32.178729] cloud-init[1288]: Cloud-init v. 20.4.1-0ubuntu1~18.04.1 running 'modules:final' at Sat, 24 Jul 2021 12:20:42 +0000. Up 31.79 seconds.
[   32.178937] cloud-init[1288]: ci-info: no authorized SSH keys fingerprints found for user ubuntu.
[   32.179041] cloud-init[1288]: Cloud-init v. 20.4.1-0ubuntu1~18.04.1 finished at Sat, 24 Jul 2021 12:20:43 +0000. Datasource DataSourceNoCloud [seed=/dev/sdb][dsmode=net].  Up 32.16 seconds
